<?xml version="1.0" encoding="UTF-8"?>
<testsuite xmlns:xsi="http://www.w3.org/2001/XMLSchema-instance" xsi:noNamespaceSchemaLocation="https://maven.apache.org/surefire/maven-surefire-plugin/xsd/surefire-test-report.xsd" name="testRunner.RunnerTest" time="1.25" tests="5" errors="3" skipped="0" failures="0">
  <properties>
[...]
</properties>
  <testcase name="Login with valid credentials #1" classname="User Login" time="0.176">
    <error message="The step &apos;User enters valid email address jayesh1a1b@gmail.com&apos; and 1 other step(s) are undefined.&#10;You can implement these steps using the snippet(s) below:&#10;&#10;@When(&quot;User enters valid email address jayesh1a1b@gmail.com&quot;)&#10;public void user_enters_valid_email_address_jayesh1a1b_gmail_com() {&#10;    // Write code here that turns the phrase above into concrete actions&#10;    throw new io.cucumber.java.PendingException();&#10;}&#10;@When(&quot;Enter valid password {int}&quot;)&#10;public void enter_valid_password(Integer int1) {&#10;    // Write code here that turns the phrase above into concrete actions&#10;    throw new io.cucumber.java.PendingException();&#10;}&#10;" type="io.cucumber.junit.UndefinedStepException">io.cucumber.junit.UndefinedStepException: 
The step 'User enters valid email address jayesh1a1b@gmail.com' and 1 other step(s) are undefined.
You can implement these steps using the snippet(s) below:

@When("User enters valid email address jayesh1a1b@gmail.com")
public void user_enters_valid_email_address_jayesh1a1b_gmail_com() {
    // Write code here that turns the phrase above into concrete actions
    throw new io.cucumber.java.PendingException();
}
@When("Enter valid password {int}")
public void enter_valid_password(Integer int1) {
    // Write code here that turns the phrase above into concrete actions
    throw new io.cucumber.java.PendingException();
}

</error>
    <system-out><![CDATA[
@login
Scenario Outline: Login with valid credentials              &amp#27;[90m# src/test/java/features/Login.feature:16&amp#27;[0m
 browser got opened
>>User navigate to login page
  &amp#27;[32mGiven &amp#27;[0m&amp#27;[32mUser navigate to login page&amp#27;[0m                         &amp#27;[90m# stepDefination.Login.user_navigate_to_login_page()&amp#27;[0m
  &amp#27;[33mWhen &amp#27;[0m&amp#27;[33mUser enters valid email address jayesh1a1b@gmail.com&amp#27;[0m
  &amp#27;[36mAnd &amp#27;[0m&amp#27;[36mEnter valid password 12345&amp#27;[0m
  &amp#27;[36mAnd &amp#27;[0m&amp#27;[36mclick on submit button&amp#27;[0m                                &amp#27;[90m# stepDefination.Login.click_on_submit_button()&amp#27;[0m
  &amp#27;[36mThen &amp#27;[0m&amp#27;[36mUser should login successfully&amp#27;[0m                       &amp#27;[90m# stepDefination.Login.user_should_login_successfully()&amp#27;[0m
 browser got closed
]]></system-out>
  </testcase>
  <testcase name="Login with valid credentials #2" classname="User Login" time="0.001">
    <error message="The step &apos;User enters valid email address amotooricap9@gmail.com&apos; and 1 other step(s) are undefined.&#10;You can implement these steps using the snippet(s) below:&#10;&#10;@When(&quot;User enters valid email address amotooricap9@gmail.com&quot;)&#10;public void user_enters_valid_email_address_amotooricap9_gmail_com() {&#10;    // Write code here that turns the phrase above into concrete actions&#10;    throw new io.cucumber.java.PendingException();&#10;}&#10;@When(&quot;Enter valid password {int}&quot;)&#10;public void enter_valid_password(Integer int1) {&#10;    // Write code here that turns the phrase above into concrete actions&#10;    throw new io.cucumber.java.PendingException();&#10;}&#10;" type="io.cucumber.junit.UndefinedStepException">io.cucumber.junit.UndefinedStepException: 
The step 'User enters valid email address amotooricap9@gmail.com' and 1 other step(s) are undefined.
You can implement these steps using the snippet(s) below:

@When("User enters valid email address amotooricap9@gmail.com")
public void user_enters_valid_email_address_amotooricap9_gmail_com() {
    // Write code here that turns the phrase above into concrete actions
    throw new io.cucumber.java.PendingException();
}
@When("Enter valid password {int}")
public void enter_valid_password(Integer int1) {
    // Write code here that turns the phrase above into concrete actions
    throw new io.cucumber.java.PendingException();
}

</error>
    <system-out><![CDATA[
@login
Scenario Outline: Login with valid credentials                &amp#27;[90m# src/test/java/features/Login.feature:17&amp#27;[0m
 browser got opened
>>User navigate to login page
  &amp#27;[32mGiven &amp#27;[0m&amp#27;[32mUser navigate to login page&amp#27;[0m                           &amp#27;[90m# stepDefination.Login.user_navigate_to_login_page()&amp#27;[0m
  &amp#27;[33mWhen &amp#27;[0m&amp#27;[33mUser enters valid email address amotooricap9@gmail.com&amp#27;[0m
  &amp#27;[36mAnd &amp#27;[0m&amp#27;[36mEnter valid password 12345&amp#27;[0m
  &amp#27;[36mAnd &amp#27;[0m&amp#27;[36mclick on submit button&amp#27;[0m                                  &amp#27;[90m# stepDefination.Login.click_on_submit_button()&amp#27;[0m
  &amp#27;[36mThen &amp#27;[0m&amp#27;[36mUser should login successfully&amp#27;[0m                         &amp#27;[90m# stepDefination.Login.user_should_login_successfully()&amp#27;[0m
 browser got closed
]]></system-out>
  </testcase>
  <testcase name="Login with valid credentials #3" classname="User Login" time="0.031">
    <error message="The step &apos;User enters valid email address jayeshchoudhary63@gmail.com&apos; and 1 other step(s) are undefined.&#10;You can implement these steps using the snippet(s) below:&#10;&#10;@When(&quot;User enters valid email address jayeshchoudhary63@gmail.com&quot;)&#10;public void user_enters_valid_email_address_jayeshchoudhary63_gmail_com() {&#10;    // Write code here that turns the phrase above into concrete actions&#10;    throw new io.cucumber.java.PendingException();&#10;}&#10;@When(&quot;Enter valid password {int}&quot;)&#10;public void enter_valid_password(Integer int1) {&#10;    // Write code here that turns the phrase above into concrete actions&#10;    throw new io.cucumber.java.PendingException();&#10;}&#10;" type="io.cucumber.junit.UndefinedStepException">io.cucumber.junit.UndefinedStepException: 
The step 'User enters valid email address jayeshchoudhary63@gmail.com' and 1 other step(s) are undefined.
You can implement these steps using the snippet(s) below:

@When("User enters valid email address jayeshchoudhary63@gmail.com")
public void user_enters_valid_email_address_jayeshchoudhary63_gmail_com() {
    // Write code here that turns the phrase above into concrete actions
    throw new io.cucumber.java.PendingException();
}
@When("Enter valid password {int}")
public void enter_valid_password(Integer int1) {
    // Write code here that turns the phrase above into concrete actions
    throw new io.cucumber.java.PendingException();
}

</error>
    <system-out><![CDATA[
@login
Scenario Outline: Login with valid credentials                     &amp#27;[90m# src/test/java/features/Login.feature:18&amp#27;[0m
 browser got opened
>>User navigate to login page
  &amp#27;[32mGiven &amp#27;[0m&amp#27;[32mUser navigate to login page&amp#27;[0m                                &amp#27;[90m# stepDefination.Login.user_navigate_to_login_page()&amp#27;[0m
  &amp#27;[33mWhen &amp#27;[0m&amp#27;[33mUser enters valid email address jayeshchoudhary63@gmail.com&amp#27;[0m
  &amp#27;[36mAnd &amp#27;[0m&amp#27;[36mEnter valid password 12345&amp#27;[0m
  &amp#27;[36mAnd &amp#27;[0m&amp#27;[36mclick on submit button&amp#27;[0m                                       &amp#27;[90m# stepDefination.Login.click_on_submit_button()&amp#27;[0m
  &amp#27;[36mThen &amp#27;[0m&amp#27;[36mUser should login successfully&amp#27;[0m                              &amp#27;[90m# stepDefination.Login.user_should_login_successfully()&amp#27;[0m
 browser got closed
]]></system-out>
  </testcase>
  <testcase name="Login with invalid credentials" classname="User Login" time="0.025"/>
  <testcase name="Login with valid email and invalid password" classname="User Login" time="0.018"/>
</testsuite>